Command line invocation:
    /Applications/Xcode-beta.app/Contents/Developer/usr/bin/xcodebuild -project /Users/roshansilva/Documents/command-center/Conduit.xcodeproj -scheme Conduit -configuration Debug -skipMacroValidation -destination "platform=iOS Simulator,id=095F8B3A-FEA3-4031-A2A5-561755740730" -collect-test-diagnostics never -derivedDataPath /Users/roshansilva/Library/Developer/XcodeBuildMCP/workspaces/command-center-c3ef378ca557/DerivedData/Conduit-305da2141513 build

Resolve Package Graph


Resolved source packages:
  Sentry: https://github.com/getsentry/sentry-cocoa @ 8.58.3
  swift-atomics: https://github.com/apple/swift-atomics.git @ 1.3.0
  swift-nio: https://github.com/apple/swift-nio.git @ 2.100.0
  swift-argument-parser: https://github.com/apple/swift-argument-parser @ 1.7.1
  swift-nio-ssh: https://github.com/Wellz26/swift-nio-ssh.git @ 0.3.6
  Citadel: https://github.com/orlandos-nl/Citadel.git @ 0.12.1
  swift-crypto: https://github.com/apple/swift-crypto.git @ 3.15.1
  swift-asn1: https://github.com/apple/swift-asn1.git @ 1.7.0
  swift-collections: https://github.com/apple/swift-collections.git @ 1.5.1
  ConduitKit: /Users/roshansilva/Documents/command-center/Packages/ConduitKit
  swift-system: https://github.com/apple/swift-system.git @ 1.6.4
  swift-log: https://github.com/apple/swift-log.git @ 1.12.1
  SwiftTerm: https://github.com/migueldeicaza/SwiftTerm.git @ 1.13.0
  GRDB: https://github.com/groue/GRDB.swift.git @ 6.29.3
  BigInt: https://github.com/attaswift/BigInt.git @ 5.7.0

ComputePackagePrebuildTargetDependencyGraph

Prepare packages

CreateBuildRequest

SendProjectDescription

CreateBuildOperation

ComputeTargetDependencyGraph
note: Building targets in dependency order
note: Target dependency graph (90 targets)
    Target 'Conduit' in project 'Conduit'
        ➜ Explicit dependency on target 'ConduitLiveActivityWidget' in project 'Conduit'
        ➜ Explicit dependency on target 'ConduitWidget' in project 'Conduit'
        ➜ Explicit dependency on target 'AppFeature-product' in project 'ConduitKit'
        ➜ Explicit dependency on target 'Sentry-product' in project 'Sentry'
    Target 'Sentry-product' in project 'Sentry'
        ➜ Explicit dependency on target 'SentryCppHelper' in project 'Sentry'
    Target 'SentryCppHelper' in project 'Sentry' (no dependencies)
    Target 'AppFeature-product' in project 'ConduitKit'
        ➜ Explicit dependency on target 'AppFeature' in project 'ConduitKit'
        ➜ Explicit dependency on target 'ConduitCore' in project 'ConduitKit'
        ➜ Explicit dependency on target 'DesignSystem' in project 'ConduitKit'
        ➜ Explicit dependency on target 'SecurityKit' in project 'ConduitKit'
        ➜ Explicit dependency on target 'SSHTransport' in project 'ConduitKit'
        ➜ Explicit dependency on target 'AgentKit' in project 'ConduitKit'
        ➜ Explicit dependency on target 'PersistenceKit' in project 'ConduitKit'
        ➜ Explicit dependency on target 'NotificationsKit' in project 'ConduitKit'
        ➜ Explicit dependency on target 'WorkspacesFeature' in project 'ConduitKit'
        ➜ Explicit dependency on target 'TerminalEngine' in project 'ConduitKit'
        ➜ Explicit dependency on target 'SessionFeature' in project 'ConduitKit'
        ➜ Explicit dependency on target 'DiffKit' in project 'ConduitKit'
        ➜ Explicit dependency on target 'DiffFeature' in project 'ConduitKit'
        ➜ Explicit dependency on target 'InboxFeature' in project 'ConduitKit'
        ➜ Explicit dependency on target 'OnboardingFeature' in project 'ConduitKit'
        ➜ Explicit dependency on target 'SyncKit' in project 'ConduitKit'
        ➜ Explicit dependency on target 'KeysFeature' in project 'ConduitKit'
        ➜ Explicit dependency on target 'SettingsFeature' in project 'ConduitKit'
        ➜ Explicit dependency on target 'PreviewKit' in project 'ConduitKit'
        ➜ Explicit dependency on target 'PreviewFeature' in project 'ConduitKit'
        ➜ Explicit dependency on target 'FilesFeature' in project 'ConduitKit'
        ➜ Explicit dependency on target 'Citadel-product' in project 'Citadel'
        ➜ Explicit dependency on target 'NIOSSH-product' in project 'swift-nio-ssh'
        ➜ Explicit dependency on target 'NIOCore-product' in project 'swift-nio'
        ➜ Explicit dependency on target 'GRDB-product' in project 'GRDB'
        ➜ Explicit dependency on target 'SwiftTerm-product' in project 'SwiftTerm'
    Target 'AppFeature' in project 'ConduitKit'
        ➜ Explicit dependency on target 'ConduitCore' in project 'ConduitKit'
        ➜ Explicit dependency on target 'DesignSystem' in project 'ConduitKit'
        ➜ Explicit dependency on target 'SecurityKit' in project 'ConduitKit'
        ➜ Explicit dependency on target 'SSHTransport' in project 'ConduitKit'
        ➜ Explicit dependency on target 'AgentKit' in project 'ConduitKit'
        ➜ Explicit dependency on target 'PersistenceKit' in project 'ConduitKit'
        ➜ Explicit dependency on target 'NotificationsKit' in project 'ConduitKit'
        ➜ Explicit dependency on target 'WorkspacesFeature' in project 'ConduitKit'
        ➜ Explicit dependency on target 'TerminalEngine' in project 'ConduitKit'
        ➜ Explicit dependency on target 'SessionFeature' in project 'ConduitKit'
        ➜ Explicit dependency on target 'DiffKit' in project 'ConduitKit'
        ➜ Explicit dependency on target 'DiffFeature' in project 'ConduitKit'
        ➜ Explicit dependency on target 'InboxFeature' in project 'ConduitKit'
        ➜ Explicit dependency on target 'OnboardingFeature' in project 'ConduitKit'
        ➜ Explicit dependency on target 'SyncKit' in project 'ConduitKit'
        ➜ Explicit dependency on target 'KeysFeature' in project 'ConduitKit'
        ➜ Explicit dependency on target 'SettingsFeature' in project 'ConduitKit'
        ➜ Explicit dependency on target 'PreviewKit' in project 'ConduitKit'
        ➜ Explicit dependency on target 'PreviewFeature' in project 'ConduitKit'
        ➜ Explicit dependency on target 'FilesFeature' in project 'ConduitKit'
        ➜ Explicit dependency on target 'Citadel-product' in project 'Citadel'
        ➜ Explicit dependency on target 'NIOSSH-product' in project 'swift-nio-ssh'
        ➜ Explicit dependency on target 'NIOCore-product' in project 'swift-nio'
        ➜ Explicit dependency on target 'GRDB-product' in project 'GRDB'
        ➜ Explicit dependency on target 'SwiftTerm-product' in project 'SwiftTerm'
    Target 'FilesFeature' in project 'ConduitKit'
        ➜ Explicit dependency on target 'ConduitCore' in project 'ConduitKit'
        ➜ Explicit dependency on target 'DesignSystem' in project 'ConduitKit'
        ➜ Explicit dependency on target 'SecurityKit' in project 'ConduitKit'
        ➜ Explicit dependency on target 'SSHTransport' in project 'ConduitKit'
        ➜ Explicit dependency on target 'Citadel-product' in project 'Citadel'
        ➜ Explicit dependency on target 'NIOSSH-product' in project 'swift-nio-ssh'
        ➜ Explicit dependency on target 'NIOCore-product' in project 'swift-nio'
    Target 'PreviewFeature' in project 'ConduitKit'
        ➜ Explicit dependency on target 'ConduitCore' in project 'ConduitKit'
        ➜ Explicit dependency on target 'DesignSystem' in project 'ConduitKit'
        ➜ Explicit dependency on target 'SecurityKit' in project 'ConduitKit'
        ➜ Explicit dependency on target 'SSHTransport' in project 'ConduitKit'
        ➜ Explicit dependency on target 'PreviewKit' in project 'ConduitKit'
        ➜ Explicit dependency on target 'Citadel-product' in project 'Citadel'
        ➜ Explicit dependency on target 'NIOSSH-product' in project 'swift-nio-ssh'
        ➜ Explicit dependency on target 'NIOCore-product' in project 'swift-nio'
    Target 'PreviewKit' in project 'ConduitKit'
        ➜ Explicit dependency on target 'ConduitCore' in project 'ConduitKit'
        ➜ Explicit dependency on target 'SecurityKit' in project 'ConduitKit'
        ➜ Explicit dependency on target 'SSHTransport' in project 'ConduitKit'
        ➜ Explicit dependency on target 'DesignSystem' in project 'ConduitKit'
        ➜ Explicit dependency on target 'Citadel-product' in project 'Citadel'
        ➜ Explicit dependency on target 'NIOSSH-product' in project 'swift-nio-ssh'
        ➜ Explicit dependency on target 'NIOCore-product' in project 'swift-nio'
    Target 'SettingsFeature' in project 'ConduitKit'
        ➜ Explicit dependency on target 'ConduitCore' in project 'ConduitKit'
        ➜ Explicit dependency on target 'DesignSystem' in project 'ConduitKit'
        ➜ Explicit dependency on target 'SecurityKit' in project 'ConduitKit'
        ➜ Explicit dependency on target 'SSHTransport' in project 'ConduitKit'
        ➜ Explicit dependency on target 'AgentKit' in project 'ConduitKit'
        ➜ Explicit dependency on target 'PersistenceKit' in project 'ConduitKit'
        ➜ Explicit dependency on target 'SyncKit' in project 'ConduitKit'
        ➜ Explicit dependency on target 'KeysFeature' in project 'ConduitKit'
        ➜ Explicit dependency on target 'NotificationsKit' in project 'ConduitKit'
        ➜ Explicit dependency on target 'Citadel-product' in project 'Citadel'
        ➜ Explicit dependency on target 'NIOSSH-product' in project 'swift-nio-ssh'
        ➜ Explicit dependency on target 'NIOCore-product' in project 'swift-nio'
        ➜ Explicit dependency on target 'GRDB-product' in project 'GRDB'
    Target 'KeysFeature' in project 'ConduitKit'
        ➜ Explicit dependency on target 'ConduitCore' in project 'ConduitKit'
        ➜ Explicit dependency on target 'DesignSystem' in project 'ConduitKit'
        ➜ Explicit dependency on target 'SecurityKit' in project 'ConduitKit'
        ➜ Explicit dependency on target 'Citadel-product' in project 'Citadel'
    Target 'SyncKit' in project 'ConduitKit'
        ➜ Explicit dependency on target 'ConduitCore' in project 'ConduitKit'
        ➜ Explicit dependency on target 'SecurityKit' in project 'ConduitKit'
        ➜ Explicit dependency on target 'SSHTransport' in project 'ConduitKit'
        ➜ Explicit dependency on target 'AgentKit' in project 'ConduitKit'
        ➜ Explicit dependency on target 'PersistenceKit' in project 'ConduitKit'
        ➜ Explicit dependency on target 'Citadel-product' in project 'Citadel'
        ➜ Explicit dependency on target 'NIOSSH-product' in project 'swift-nio-ssh'
        ➜ Explicit dependency on target 'NIOCore-product' in project 'swift-nio'
        ➜ Explicit dependency on target 'GRDB-product' in project 'GRDB'
    Target 'OnboardingFeature' in project 'ConduitKit'
        ➜ Explicit dependency on target 'ConduitCore' in project 'ConduitKit'
        ➜ Explicit dependency on target 'DesignSystem' in project 'ConduitKit'
        ➜ Explicit dependency on target 'SecurityKit' in project 'ConduitKit'
        ➜ Explicit dependency on target 'NotificationsKit' in project 'ConduitKit'
        ➜ Explicit dependency on target 'SSHTransport' in project 'ConduitKit'
        ➜ Explicit dependency on target 'AgentKit' in project 'ConduitKit'
        ➜ Explicit dependency on target 'PersistenceKit' in project 'ConduitKit'
        ➜ Explicit dependency on target 'Citadel-product' in project 'Citadel'
        ➜ Explicit dependency on target 'NIOSSH-product' in project 'swift-nio-ssh'
        ➜ Explicit dependency on target 'NIOCore-product' in project 'swift-nio'
        ➜ Explicit dependency on target 'GRDB-product' in project 'GRDB'
    Target 'InboxFeature' in project 'ConduitKit'
        ➜ Explicit dependency on target 'ConduitCore' in project 'ConduitKit'
        ➜ Explicit dependency on target 'DesignSystem' in project 'ConduitKit'
        ➜ Explicit dependency on target 'SecurityKit' in project 'ConduitKit'
        ➜ Explicit dependency on target 'SSHTransport' in project 'ConduitKit'
        ➜ Explicit dependency on target 'AgentKit' in project 'ConduitKit'
        ➜ Explicit dependency on target 'NotificationsKit' in project 'ConduitKit'
        ➜ Explicit dependency on target 'PersistenceKit' in project 'ConduitKit'
        ➜ Explicit dependency on target 'DiffKit' in project 'ConduitKit'
        ➜ Explicit dependency on target 'DiffFeature' in project 'ConduitKit'
        ➜ Explicit dependency on target 'Citadel-product' in project 'Citadel'
        ➜ Explicit dependency on target 'NIOSSH-product' in project 'swift-nio-ssh'
        ➜ Explicit dependency on target 'NIOCore-product' in project 'swift-nio'
        ➜ Explicit dependency on target 'GRDB-product' in project 'GRDB'
    Target 'DiffFeature' in project 'ConduitKit'
        ➜ Explicit dependency on target 'ConduitCore' in project 'ConduitKit'
        ➜ Explicit dependency on target 'DesignSystem' in project 'ConduitKit'
        ➜ Explicit dependency on target 'DiffKit' in project 'ConduitKit'
    Target 'DiffKit' in project 'ConduitKit'
        ➜ Explicit dependency on target 'ConduitCore' in project 'ConduitKit'
    Target 'WorkspacesFeature' in project 'ConduitKit'
        ➜ Explicit dependency on target 'ConduitCore' in project 'ConduitKit'
        ➜ Explicit dependency on target 'DesignSystem' in project 'ConduitKit'
        ➜ Explicit dependency on target 'SecurityKit' in project 'ConduitKit'
        ➜ Explicit dependency on target 'SSHTransport' in project 'ConduitKit'
        ➜ Explicit dependency on target 'AgentKit' in project 'ConduitKit'
        ➜ Explicit dependency on target 'PersistenceKit' in project 'ConduitKit'
        ➜ Explicit dependency on target 'Citadel-product' in project 'Citadel'
        ➜ Explicit dependency on target 'NIOSSH-product' in project 'swift-nio-ssh'
        ➜ Explicit dependency on target 'NIOCore-product' in project 'swift-nio'
        ➜ Explicit dependency on target 'GRDB-product' in project 'GRDB'
    Target 'ConduitWidget' in project 'Conduit'
        ➜ Explicit dependency on target 'ConduitCore-product' in project 'ConduitKit'
    Target 'ConduitCore-product' in project 'ConduitKit'
        ➜ Explicit dependency on target 'ConduitCore' in project 'ConduitKit'
    Target 'ConduitLiveActivityWidget' in project 'Conduit'
        ➜ Explicit dependency on target 'SessionFeature-product' in project 'ConduitKit'
    Target 'SessionFeature-product' in project 'ConduitKit'
        ➜ Explicit dependency on target 'SessionFeature' in project 'ConduitKit'
        ➜ Explicit dependency on target 'ConduitCore' in project 'ConduitKit'
        ➜ Explicit dependency on target 'DesignSystem' in project 'ConduitKit'
        ➜ Explicit dependency on target 'SecurityKit' in project 'ConduitKit'
        ➜ Explicit dependency on target 'SSHTransport' in project 'ConduitKit'
        ➜ Explicit dependency on target 'TerminalEngine' in project 'ConduitKit'
        ➜ Explicit dependency on target 'AgentKit' in project 'ConduitKit'
        ➜ Explicit dependency on target 'PersistenceKit' in project 'ConduitKit'
        ➜ Explicit dependency on target 'NotificationsKit' in project 'ConduitKit'
        ➜ Explicit dependency on target 'Citadel-product' in project 'Citadel'
        ➜ Explicit dependency on target 'NIOSSH-product' in project 'swift-nio-ssh'
        ➜ Explicit dependency on target 'NIOCore-product' in project 'swift-nio'
        ➜ Explicit dependency on target 'SwiftTerm-product' in project 'SwiftTerm'
        ➜ Explicit dependency on target 'GRDB-product' in project 'GRDB'
    Target 'SessionFeature' in project 'ConduitKit'
        ➜ Explicit dependency on target 'ConduitCore' in project 'ConduitKit'
        ➜ Explicit dependency on target 'DesignSystem' in project 'ConduitKit'
        ➜ Explicit dependency on target 'SecurityKit' in project 'ConduitKit'
        ➜ Explicit dependency on target 'SSHTransport' in project 'ConduitKit'
        ➜ Explicit dependency on target 'TerminalEngine' in project 'ConduitKit'
        ➜ Explicit dependency on target 'AgentKit' in project 'ConduitKit'
        ➜ Explicit dependency on target 'PersistenceKit' in project 'ConduitKit'
        ➜ Explicit dependency on target 'NotificationsKit' in project 'ConduitKit'
        ➜ Explicit dependency on target 'Citadel-product' in project 'Citadel'
        ➜ Explicit dependency on target 'NIOSSH-product' in project 'swift-nio-ssh'
        ➜ Explicit dependency on target 'NIOCore-product' in project 'swift-nio'
        ➜ Explicit dependency on target 'SwiftTerm-product' in project 'SwiftTerm'
        ➜ Explicit dependency on target 'GRDB-product' in project 'GRDB'
    Target 'NotificationsKit' in project 'ConduitKit'
        ➜ Explicit dependency on target 'ConduitCore' in project 'ConduitKit'
    Target 'PersistenceKit' in project 'ConduitKit'
        ➜ Explicit dependency on target 'ConduitCore' in project 'ConduitKit'
        ➜ Explicit dependency on target 'SecurityKit' in project 'ConduitKit'
        ➜ Explicit dependency on target 'SSHTransport' in project 'ConduitKit'
        ➜ Explicit dependency on target 'AgentKit' in project 'ConduitKit'
        ➜ Explicit dependency on target 'Citadel-product' in project 'Citadel'
        ➜ Explicit dependency on target 'NIOSSH-product' in project 'swift-nio-ssh'
        ➜ Explicit dependency on target 'NIOCore-product' in project 'swift-nio'
        ➜ Explicit dependency on target 'GRDB-product' in project 'GRDB'
    Target 'GRDB-product' in project 'GRDB'
        ➜ Explicit dependency on target 'GRDB' in project 'GRDB'
        ➜ Explicit dependency on target 'GRDB_GRDB' in project 'GRDB'
    Target 'GRDB' in project 'GRDB'
        ➜ Explicit dependency on target 'GRDB_GRDB' in project 'GRDB'
        ➜ Explicit dependency on target 'CSQLite' in project 'GRDB'
    Target 'CSQLite' in project 'GRDB' (no dependencies)
    Target 'GRDB_GRDB' in project 'GRDB' (no dependencies)
    Target 'AgentKit' in project 'ConduitKit'
        ➜ Explicit dependency on target 'ConduitCore' in project 'ConduitKit'
        ➜ Explicit dependency on target 'SecurityKit' in project 'ConduitKit'
        ➜ Explicit dependency on target 'SSHTransport' in project 'ConduitKit'
        ➜ Explicit dependency on target 'Citadel-product' in project 'Citadel'
        ➜ Explicit dependency on target 'NIOSSH-product' in project 'swift-nio-ssh'
        ➜ Explicit dependency on target 'NIOCore-product' in project 'swift-nio'
    Target 'TerminalEngine' in project 'ConduitKit'
        ➜ Explicit dependency on target 'ConduitKit_TerminalEngine' in project 'ConduitKit'
        ➜ Explicit dependency on target 'ConduitCore' in project 'ConduitKit'
        ➜ Explicit dependency on target 'SecurityKit' in project 'ConduitKit'
        ➜ Explicit dependency on target 'SSHTransport' in project 'ConduitKit'
        ➜ Explicit dependency on target 'Citadel-product' in project 'Citadel'
        ➜ Explicit dependency on target 'NIOSSH-product' in project 'swift-nio-ssh'
        ➜ Explicit dependency on target 'NIOCore-product' in project 'swift-nio'
        ➜ Explicit dependency on target 'SwiftTerm-product' in project 'SwiftTerm'
    Target 'SwiftTerm-product' in project 'SwiftTerm'
        ➜ Explicit dependency on target 'SwiftTerm' in project 'SwiftTerm'
        ➜ Explicit dependency on target 'SwiftTerm_SwiftTerm' in project 'SwiftTerm'
    Target 'SwiftTerm' in project 'SwiftTerm'
        ➜ Explicit dependency on target 'SwiftTerm_SwiftTerm' in project 'SwiftTerm'
    Target 'SwiftTerm_SwiftTerm' in project 'SwiftTerm' (no dependencies)
    Target 'ConduitKit_TerminalEngine' in project 'ConduitKit' (no dependencies)
    Target 'SSHTransport' in project 'ConduitKit'
        ➜ Explicit dependency on target 'ConduitCore' in project 'ConduitKit'
        ➜ Explicit dependency on target 'SecurityKit' in project 'ConduitKit'
        ➜ Explicit dependency on target 'Citadel-product' in project 'Citadel'
        ➜ Explicit dependency on target 'NIOSSH-product' in project 'swift-nio-ssh'
        ➜ Explicit dependency on target 'NIOCore-product' in project 'swift-nio'
    Target 'SecurityKit' in project 'ConduitKit'
        ➜ Explicit dependency on target 'ConduitCore' in project 'ConduitKit'
        ➜ Explicit dependency on target 'Citadel-product' in project 'Citadel'
    Target 'Citadel-product' in project 'Citadel'
        ➜ Explicit dependency on target 'Citadel' in project 'Citadel'
        ➜ Explicit dependency on target 'CCitadelBcrypt' in project 'Citadel'
        ➜ Explicit dependency on target 'NIOSSH-product' in project 'swift-nio-ssh'
        ➜ Explicit dependency on target 'NIO-product' in project 'swift-nio'
        ➜ Explicit dependency on target 'Crypto-product' in project 'swift-crypto'
        ➜ Explicit dependency on target '_CryptoExtras-product' in project 'swift-crypto'
        ➜ Explicit dependency on target 'BigInt-product' in project 'BigInt'
        ➜ Explicit dependency on target 'Logging-product' in project 'swift-log'
    Target 'Citadel' in project 'Citadel'
        ➜ Explicit dependency on target 'CCitadelBcrypt' in project 'Citadel'
        ➜ Explicit dependency on target 'NIOSSH-product' in project 'swift-nio-ssh'
        ➜ Explicit dependency on target 'NIO-product' in project 'swift-nio'
        ➜ Explicit dependency on target 'Crypto-product' in project 'swift-crypto'
        ➜ Explicit dependency on target '_CryptoExtras-product' in project 'swift-crypto'
        ➜ Explicit dependency on target 'BigInt-product' in project 'BigInt'
        ➜ Explicit dependency on target 'Logging-product' in project 'swift-log'
    Target 'Logging-product' in project 'swift-log'
        ➜ Explicit dependency on target 'Logging' in project 'swift-log'
    Target 'Logging' in project 'swift-log' (no dependencies)
    Target 'BigInt-product' in project 'BigInt'
        ➜ Explicit dependency on target 'BigInt' in project 'BigInt'
    Target 'BigInt' in project 'BigInt' (no dependencies)
    Target '_CryptoExtras-product' in project 'swift-crypto'
        ➜ Explicit dependency on target '_CryptoExtras' in project 'swift-crypto'
        ➜ Explicit dependency on target 'swift-crypto__CryptoExtras' in project 'swift-crypto'
        ➜ Explicit dependency on target 'CCryptoBoringSSL' in project 'swift-crypto'
        ➜ Explicit dependency on target 'CCryptoBoringSSLShims' in project 'swift-crypto'
        ➜ Explicit dependency on target 'CryptoBoringWrapper' in project 'swift-crypto'
        ➜ Explicit dependency on target 'Crypto' in project 'swift-crypto'
        ➜ Explicit dependency on target 'SwiftASN1-product' in project 'swift-asn1'
    Target '_CryptoExtras' in project 'swift-crypto'
        ➜ Explicit dependency on target 'swift-crypto__CryptoExtras' in project 'swift-crypto'
        ➜ Explicit dependency on target 'CCryptoBoringSSL' in project 'swift-crypto'
        ➜ Explicit dependency on target 'CCryptoBoringSSLShims' in project 'swift-crypto'
        ➜ Explicit dependency on target 'CryptoBoringWrapper' in project 'swift-crypto'
        ➜ Explicit dependency on target 'Crypto' in project 'swift-crypto'
        ➜ Explicit dependency on target 'SwiftASN1-product' in project 'swift-asn1'
    Target 'SwiftASN1-product' in project 'swift-asn1'
        ➜ Explicit dependency on target 'SwiftASN1' in project 'swift-asn1'
    Target 'SwiftASN1' in project 'swift-asn1' (no dependencies)
    Target 'CryptoBoringWrapper' in project 'swift-crypto'
        ➜ Explicit dependency on target 'swift-crypto_CryptoBoringWrapper' in project 'swift-crypto'
        ➜ Explicit dependency on target 'CCryptoBoringSSL' in project 'swift-crypto'
        ➜ Explicit dependency on target 'CCryptoBoringSSLShims' in project 'swift-crypto'
    Target 'swift-crypto_CryptoBoringWrapper' in project 'swift-crypto' (no dependencies)
    Target 'CCryptoBoringSSLShims' in project 'swift-crypto'
        ➜ Explicit dependency on target 'swift-crypto_CCryptoBoringSSLShims' in project 'swift-crypto'
        ➜ Explicit dependency on target 'CCryptoBoringSSL' in project 'swift-crypto'
    Target 'swift-crypto_CCryptoBoringSSLShims' in project 'swift-crypto' (no dependencies)
    Target 'CCryptoBoringSSL' in project 'swift-crypto'
        ➜ Explicit dependency on target 'swift-crypto_CCryptoBoringSSL' in project 'swift-crypto'
    Target 'swift-crypto_CCryptoBoringSSL' in project 'swift-crypto' (no dependencies)
    Target 'swift-crypto__CryptoExtras' in project 'swift-crypto' (no dependencies)
    Target 'NIOSSH-product' in project 'swift-nio-ssh'
        ➜ Explicit dependency on target 'NIOSSH' in project 'swift-nio-ssh'
        ➜ Explicit dependency on target 'NIO-product' in project 'swift-nio'
        ➜ Explicit dependency on target 'NIOCore-product' in project 'swift-nio'
        ➜ Explicit dependency on target 'NIOConcurrencyHelpers-product' in project 'swift-nio'
        ➜ Explicit dependency on target 'NIOFoundationCompat-product' in project 'swift-nio'
        ➜ Explicit dependency on target 'Crypto-product' in project 'swift-crypto'
        ➜ Explicit dependency on target 'Atomics-product' in project 'swift-atomics'
    Target 'NIOSSH' in project 'swift-nio-ssh'
        ➜ Explicit dependency on target 'NIO-product' in project 'swift-nio'
        ➜ Explicit dependency on target 'NIOCore-product' in project 'swift-nio'
        ➜ Explicit dependency on target 'NIOConcurrencyHelpers-product' in project 'swift-nio'
        ➜ Explicit dependency on target 'NIOFoundationCompat-product' in project 'swift-nio'
        ➜ Explicit dependency on target 'Crypto-product' in project 'swift-crypto'
        ➜ Explicit dependency on target 'Atomics-product' in project 'swift-atomics'
    Target 'Crypto-product' in project 'swift-crypto'
        ➜ Explicit dependency on target 'Crypto' in project 'swift-crypto'
        ➜ Explicit dependency on target 'swift-crypto_Crypto' in project 'swift-crypto'
    Target 'Crypto' in project 'swift-crypto'
        ➜ Explicit dependency on target 'swift-crypto_Crypto' in project 'swift-crypto'
    Target 'swift-crypto_Crypto' in project 'swift-crypto' (no dependencies)
    Target 'NIOFoundationCompat-product' in project 'swift-nio'
        ➜ Explicit dependency on target 'NIOFoundationCompat' in project 'swift-nio'
        ➜ Explicit dependency on target 'CNIOAtomics' in project 'swift-nio'
        ➜ Explicit dependency on target 'NIOConcurrencyHelpers' in project 'swift-nio'
        ➜ Explicit dependency on target '_NIOBase64' in project 'swift-nio'
        ➜ Explicit dependency on target 'CNIOOpenBSD' in project 'swift-nio'
        ➜ Explicit dependency on target 'CNIOFreeBSD' in project 'swift-nio'
        ➜ Explicit dependency on target 'CNIODarwin' in project 'swift-nio'
        ➜ Explicit dependency on target 'CNIOLinux' in project 'swift-nio'
        ➜ Explicit dependency on target 'CNIOWindows' in project 'swift-nio'
        ➜ Explicit dependency on target 'CNIOWASI' in project 'swift-nio'
        ➜ Explicit dependency on target '_NIODataStructures' in project 'swift-nio'
        ➜ Explicit dependency on target 'NIOCore' in project 'swift-nio'
        ➜ Explicit dependency on target 'NIOEmbedded' in project 'swift-nio'
        ➜ Explicit dependency on target 'CNIOPosix' in project 'swift-nio'
        ➜ Explicit dependency on target 'NIOPosix' in project 'swift-nio'
        ➜ Explicit dependency on target 'NIO' in project 'swift-nio'
        ➜ Explicit dependency on target 'NIOFoundationEssentialsCompat' in project 'swift-nio'
        ➜ Explicit dependency on target 'DequeModule-product' in project 'swift-collections'
        ➜ Explicit dependency on target 'Atomics-product' in project 'swift-atomics'
    Target 'NIOFoundationCompat' in project 'swift-nio'
        ➜ Explicit dependency on target 'CNIOAtomics' in project 'swift-nio'
        ➜ Explicit dependency on target 'NIOConcurrencyHelpers' in project 'swift-nio'
        ➜ Explicit dependency on target '_NIOBase64' in project 'swift-nio'
        ➜ Explicit dependency on target 'CNIOOpenBSD' in project 'swift-nio'
        ➜ Explicit dependency on target 'CNIOFreeBSD' in project 'swift-nio'
        ➜ Explicit dependency on target 'CNIODarwin' in project 'swift-nio'
        ➜ Explicit dependency on target 'CNIOLinux' in project 'swift-nio'
        ➜ Explicit dependency on target 'CNIOWindows' in project 'swift-nio'
        ➜ Explicit dependency on target 'CNIOWASI' in project 'swift-nio'
        ➜ Explicit dependency on target '_NIODataStructures' in project 'swift-nio'
        ➜ Explicit dependency on target 'NIOCore' in project 'swift-nio'
        ➜ Explicit dependency on target 'NIOEmbedded' in project 'swift-nio'
        ➜ Explicit dependency on target 'CNIOPosix' in project 'swift-nio'
        ➜ Explicit dependency on target 'NIOPosix' in project 'swift-nio'
        ➜ Explicit dependency on target 'NIO' in project 'swift-nio'
        ➜ Explicit dependency on target 'NIOFoundationEssentialsCompat' in project 'swift-nio'
        ➜ Explicit dependency on target 'DequeModule-product' in project 'swift-collections'
        ➜ Explicit dependency on target 'Atomics-product' in project 'swift-atomics'
    Target 'NIOFoundationEssentialsCompat' in project 'swift-nio'
        ➜ Explicit dependency on target 'CNIOAtomics' in project 'swift-nio'
        ➜ Explicit dependency on target 'NIOConcurrencyHelpers' in project 'swift-nio'
        ➜ Explicit dependency on target '_NIOBase64' in project 'swift-nio'
        ➜ Explicit dependency on target 'CNIOOpenBSD' in project 'swift-nio'
        ➜ Explicit dependency on target 'CNIOFreeBSD' in project 'swift-nio'
        ➜ Explicit dependency on target 'CNIODarwin' in project 'swift-nio'
        ➜ Explicit dependency on target 'CNIOLinux' in project 'swift-nio'
        ➜ Explicit dependency on target 'CNIOWindows' in project 'swift-nio'
        ➜ Explicit dependency on target 'CNIOWASI' in project 'swift-nio'
        ➜ Explicit dependency on target '_NIODataStructures' in project 'swift-nio'
        ➜ Explicit dependency on target 'NIOCore' in project 'swift-nio'
        ➜ Explicit dependency on target 'DequeModule-product' in project 'swift-collections'
        ➜ Explicit dependency on target 'Atomics-product' in project 'swift-atomics'
    Target 'NIOConcurrencyHelpers-product' in project 'swift-nio'
        ➜ Explicit dependency on target 'NIOConcurrencyHelpers' in project 'swift-nio'
        ➜ Explicit dependency on target 'CNIOAtomics' in project 'swift-nio'
    Target 'NIOCore-product' in project 'swift-nio'
        ➜ Explicit dependency on target 'NIOCore' in project 'swift-nio'
        ➜ Explicit dependency on target 'CNIOAtomics' in project 'swift-nio'
        ➜ Explicit dependency on target 'NIOConcurrencyHelpers' in project 'swift-nio'
        ➜ Explicit dependency on target '_NIOBase64' in project 'swift-nio'
        ➜ Explicit dependency on target 'CNIOOpenBSD' in project 'swift-nio'
        ➜ Explicit dependency on target 'CNIOFreeBSD' in project 'swift-nio'
        ➜ Explicit dependency on target 'CNIODarwin' in project 'swift-nio'
        ➜ Explicit dependency on target 'CNIOLinux' in project 'swift-nio'
        ➜ Explicit dependency on target 'CNIOWindows' in project 'swift-nio'
        ➜ Explicit dependency on target 'CNIOWASI' in project 'swift-nio'
        ➜ Explicit dependency on target '_NIODataStructures' in project 'swift-nio'
        ➜ Explicit dependency on target 'DequeModule-product' in project 'swift-collections'
        ➜ Explicit dependency on target 'Atomics-product' in project 'swift-atomics'
    Target 'NIO-product' in project 'swift-nio'
        ➜ Explicit dependency on target 'NIO' in project 'swift-nio'
        ➜ Explicit dependency on target 'CNIOAtomics' in project 'swift-nio'
        ➜ Explicit dependency on target 'NIOConcurrencyHelpers' in project 'swift-nio'
        ➜ Explicit dependency on target '_NIOBase64' in project 'swift-nio'
        ➜ Explicit dependency on target 'CNIOOpenBSD' in project 'swift-nio'
        ➜ Explicit dependency on target 'CNIOFreeBSD' in project 'swift-nio'
        ➜ Explicit dependency on target 'CNIODarwin' in project 'swift-nio'
        ➜ Explicit dependency on target 'CNIOLinux' in project 'swift-nio'
        ➜ Explicit dependency on target 'CNIOWindows' in project 'swift-nio'
        ➜ Explicit dependency on target 'CNIOWASI' in project 'swift-nio'
        ➜ Explicit dependency on target '_NIODataStructures' in project 'swift-nio'
        ➜ Explicit dependency on target 'NIOCore' in project 'swift-nio'
        ➜ Explicit dependency on target 'NIOEmbedded' in project 'swift-nio'
        ➜ Explicit dependency on target 'CNIOPosix' in project 'swift-nio'
        ➜ Explicit dependency on target 'NIOPosix' in project 'swift-nio'
        ➜ Explicit dependency on target 'DequeModule-product' in project 'swift-collections'
        ➜ Explicit dependency on target 'Atomics-product' in project 'swift-atomics'
    Target 'NIO' in project 'swift-nio'
        ➜ Explicit dependency on target 'CNIOAtomics' in project 'swift-nio'
        ➜ Explicit dependency on target 'NIOConcurrencyHelpers' in project 'swift-nio'
        ➜ Explicit dependency on target '_NIOBase64' in project 'swift-nio'
        ➜ Explicit dependency on target 'CNIOOpenBSD' in project 'swift-nio'
        ➜ Explicit dependency on target 'CNIOFreeBSD' in project 'swift-nio'
        ➜ Explicit dependency on target 'CNIODarwin' in project 'swift-nio'
        ➜ Explicit dependency on target 'CNIOLinux' in project 'swift-nio'
        ➜ Explicit dependency on target 'CNIOWindows' in project 'swift-nio'
        ➜ Explicit dependency on target 'CNIOWASI' in project 'swift-nio'
        ➜ Explicit dependency on target '_NIODataStructures' in project 'swift-nio'
        ➜ Explicit dependency on target 'NIOCore' in project 'swift-nio'
        ➜ Explicit dependency on target 'NIOEmbedded' in project 'swift-nio'
        ➜ Explicit dependency on target 'CNIOPosix' in project 'swift-nio'
        ➜ Explicit dependency on target 'NIOPosix' in project 'swift-nio'
        ➜ Explicit dependency on target 'DequeModule-product' in project 'swift-collections'
        ➜ Explicit dependency on target 'Atomics-product' in project 'swift-atomics'
    Target 'NIOPosix' in project 'swift-nio'
        ➜ Explicit dependency on target 'swift-nio_NIOPosix' in project 'swift-nio'
        ➜ Explicit dependency on target 'CNIOOpenBSD' in project 'swift-nio'
        ➜ Explicit dependency on target 'CNIOLinux' in project 'swift-nio'
        ➜ Explicit dependency on target 'CNIODarwin' in project 'swift-nio'
        ➜ Explicit dependency on target 'CNIOWindows' in project 'swift-nio'
        ➜ Explicit dependency on target 'CNIOAtomics' in project 'swift-nio'
        ➜ Explicit dependency on target 'NIOConcurrencyHelpers' in project 'swift-nio'
        ➜ Explicit dependency on target '_NIOBase64' in project 'swift-nio'
        ➜ Explicit dependency on target 'CNIOFreeBSD' in project 'swift-nio'
        ➜ Explicit dependency on target 'CNIOWASI' in project 'swift-nio'
        ➜ Explicit dependency on target '_NIODataStructures' in project 'swift-nio'
        ➜ Explicit dependency on target 'NIOCore' in project 'swift-nio'
        ➜ Explicit dependency on target 'CNIOPosix' in project 'swift-nio'
        ➜ Explicit dependency on target 'DequeModule-product' in project 'swift-collections'
        ➜ Explicit dependency on target 'Atomics-product' in project 'swift-atomics'
    Target 'swift-nio_NIOPosix' in project 'swift-nio' (no dependencies)
    Target 'CNIOPosix' in project 'swift-nio' (no dependencies)
    Target 'NIOEmbedded' in project 'swift-nio'
        ➜ Explicit dependency on target 'CNIOAtomics' in project 'swift-nio'
        ➜ Explicit dependency on target 'NIOConcurrencyHelpers' in project 'swift-nio'
        ➜ Explicit dependency on target '_NIOBase64' in project 'swift-nio'
        ➜ Explicit dependency on target 'CNIOOpenBSD' in project 'swift-nio'
        ➜ Explicit dependency on target 'CNIOFreeBSD' in project 'swift-nio'
        ➜ Explicit dependency on target 'CNIODarwin' in project 'swift-nio'
        ➜ Explicit dependency on target 'CNIOLinux' in project 'swift-nio'
        ➜ Explicit dependency on target 'CNIOWindows' in project 'swift-nio'
        ➜ Explicit dependency on target 'CNIOWASI' in project 'swift-nio'
        ➜ Explicit dependency on target '_NIODataStructures' in project 'swift-nio'
        ➜ Explicit dependency on target 'NIOCore' in project 'swift-nio'
        ➜ Explicit dependency on target 'DequeModule-product' in project 'swift-collections'
        ➜ Explicit dependency on target 'Atomics-product' in project 'swift-atomics'
    Target 'NIOCore' in project 'swift-nio'
        ➜ Explicit dependency on target 'CNIOAtomics' in project 'swift-nio'
        ➜ Explicit dependency on target 'NIOConcurrencyHelpers' in project 'swift-nio'
        ➜ Explicit dependency on target '_NIOBase64' in project 'swift-nio'
        ➜ Explicit dependency on target 'CNIOOpenBSD' in project 'swift-nio'
        ➜ Explicit dependency on target 'CNIOFreeBSD' in project 'swift-nio'
        ➜ Explicit dependency on target 'CNIODarwin' in project 'swift-nio'
        ➜ Explicit dependency on target 'CNIOLinux' in project 'swift-nio'
        ➜ Explicit dependency on target 'CNIOWindows' in project 'swift-nio'
        ➜ Explicit dependency on target 'CNIOWASI' in project 'swift-nio'
        ➜ Explicit dependency on target '_NIODataStructures' in project 'swift-nio'
        ➜ Explicit dependency on target 'DequeModule-product' in project 'swift-collections'
        ➜ Explicit dependency on target 'Atomics-product' in project 'swift-atomics'
    Target 'Atomics-product' in project 'swift-atomics'
        ➜ Explicit dependency on target 'Atomics' in project 'swift-atomics'
        ➜ Explicit dependency on target '_AtomicsShims' in project 'swift-atomics'
    Target 'Atomics' in project 'swift-atomics'
        ➜ Explicit dependency on target '_AtomicsShims' in project 'swift-atomics'
    Target '_AtomicsShims' in project 'swift-atomics' (no dependencies)
    Target 'DequeModule-product' in project 'swift-collections'
        ➜ Explicit dependency on target 'DequeModule' in project 'swift-collections'
        ➜ Explicit dependency on target 'InternalCollectionsUtilities' in project 'swift-collections'
        ➜ Explicit dependency on target 'ContainersPreview' in project 'swift-collections'
    Target 'DequeModule' in project 'swift-collections'
        ➜ Explicit dependency on target 'InternalCollectionsUtilities' in project 'swift-collections'
        ➜ Explicit dependency on target 'ContainersPreview' in project 'swift-collections'
    Target 'ContainersPreview' in project 'swift-collections'
        ➜ Explicit dependency on target 'InternalCollectionsUtilities' in project 'swift-collections'
    Target 'InternalCollectionsUtilities' in project 'swift-collections' (no dependencies)
    Target '_NIODataStructures' in project 'swift-nio' (no dependencies)
    Target 'CNIOWASI' in project 'swift-nio' (no dependencies)
    Target 'CNIOWindows' in project 'swift-nio' (no dependencies)
    Target 'CNIOLinux' in project 'swift-nio' (no dependencies)
    Target 'CNIODarwin' in project 'swift-nio' (no dependencies)
    Target 'CNIOFreeBSD' in project 'swift-nio' (no dependencies)
    Target 'CNIOOpenBSD' in project 'swift-nio' (no dependencies)
    Target '_NIOBase64' in project 'swift-nio' (no dependencies)
    Target 'NIOConcurrencyHelpers' in project 'swift-nio'
        ➜ Explicit dependency on target 'CNIOAtomics' in project 'swift-nio'
    Target 'CNIOAtomics' in project 'swift-nio' (no dependencies)
    Target 'CCitadelBcrypt' in project 'Citadel' (no dependencies)
    Target 'DesignSystem' in project 'ConduitKit'
        ➜ Explicit dependency on target 'ConduitKit_DesignSystem' in project 'ConduitKit'
        ➜ Explicit dependency on target 'ConduitCore' in project 'ConduitKit'
    Target 'ConduitKit_DesignSystem' in project 'ConduitKit' (no dependencies)
    Target 'ConduitCore' in project 'ConduitKit' (no dependencies)

GatherProvisioningInputs

CreateBuildDescription

ClangStatCache /Applications/Xcode-beta.app/Contents/Developer/Toolchains/XcodeDefault.xctoolchain/usr/bin/clang-stat-cache /Applications/Xcode-beta.app/Contents/Developer/Platforms/iPhoneSimulator.platform/Developer/SDKs/iPhoneSimulator27.0.sdk /Users/roshansilva/Library/Developer/XcodeBuildMCP/workspaces/command-center-c3ef378ca557/DerivedData/Conduit-305da2141513/SDKStatCaches.noindex/iphonesimulator27.0-24A5355p-802b3160ec225d8f0f354b513c6f7a323243818bda632a4370e1cc7a9fd181c5.sdkstatcache
    cd /Users/roshansilva/Documents/command-center/Conduit.xcodeproj
    /Applications/Xcode-beta.app/Contents/Developer/Toolchains/XcodeDefault.xctoolchain/usr/bin/clang-stat-cache /Applications/Xcode-beta.app/Contents/Developer/Platforms/iPhoneSimulator.platform/Developer/SDKs/iPhoneSimulator27.0.sdk -o /Users/roshansilva/Library/Developer/XcodeBuildMCP/workspaces/command-center-c3ef378ca557/DerivedData/Conduit-305da2141513/SDKStatCaches.noindex/iphonesimulator27.0-24A5355p-802b3160ec225d8f0f354b513c6f7a323243818bda632a4370e1cc7a9fd181c5.sdkstatcache

PruneExplicitPrecompiledModules /Users/roshansilva/Library/Developer/XcodeBuildMCP/workspaces/command-center-c3ef378ca557/DerivedData/Conduit-305da2141513/Build/Intermediates.noindex/ExplicitPrecompiledModules

PruneExplicitPrecompiledModules /Users/roshansilva/Library/Developer/XcodeBuildMCP/workspaces/command-center-c3ef378ca557/DerivedData/Conduit-305da2141513/Build/Intermediates.noindex/SwiftExplicitPrecompiledModules

** BUILD SUCCEEDED **

